<?xml version="1.0" encoding="UTF-8"?>
<testng-results skipped="0" failed="1" ignored="0" total="3" passed="2">
  <reporter-output>
  </reporter-output>
  <suite name="All Test Suite" duration-ms="21636" started-at="2021-01-29T15:53:55Z" finished-at="2021-01-29T15:54:16Z">
    <groups>
    </groups>
    <test name="E2E Project" duration-ms="21636" started-at="2021-01-29T15:53:55Z" finished-at="2021-01-29T15:54:16Z">
      <class name="HomePage">
        <test-method status="PASS" signature="basePageNavigation(java.lang.String, java.lang.String)[pri:0, instance:HomePage@19651f3]" name="basePageNavigation" duration-ms="12652" started-at="2021-01-29T21:23:55Z" data-provider="getData" finished-at="2021-01-29T21:24:07Z">
          <params>
            <param index="0">
              <value>
                <![CDATA[restricteduser@qa.com]]>
              </value>
            </param>
            <param index="1">
              <value>
                <![CDATA[abc]]>
              </value>
            </param>
          </params>
          <reporter-output>
          </reporter-output>
        </test-method> <!-- basePageNavigation -->
        <test-method status="PASS" signature="teardown()[pri:0, instance:HomePage@19651f3]" name="teardown" is-config="true" duration-ms="798" started-at="2021-01-29T21:24:07Z" finished-at="2021-01-29T21:24:08Z">
          <reporter-output>
          </reporter-output>
        </test-method> <!-- teardown -->
        <test-method status="PASS" signature="basePageNavigation(java.lang.String, java.lang.String)[pri:0, instance:HomePage@19651f3]" name="basePageNavigation" duration-ms="7357" started-at="2021-01-29T21:24:08Z" data-provider="getData" finished-at="2021-01-29T21:24:15Z">
          <params>
            <param index="0">
              <value>
                <![CDATA[nonrestricteduser@qa.com]]>
              </value>
            </param>
            <param index="1">
              <value>
                <![CDATA[xyz]]>
              </value>
            </param>
          </params>
          <reporter-output>
          </reporter-output>
        </test-method> <!-- basePageNavigation -->
        <test-method status="PASS" signature="teardown()[pri:0, instance:HomePage@19651f3]" name="teardown" is-config="true" duration-ms="794" started-at="2021-01-29T21:24:15Z" finished-at="2021-01-29T21:24:16Z">
          <reporter-output>
          </reporter-output>
        </test-method> <!-- teardown -->
      </class> <!-- HomePage -->
      <class name="ValidateTitle">
        <test-method status="FAIL" signature="validation()[pri:0, instance:ValidateTitle@bc8ab5]" name="validation" duration-ms="10496" started-at="2021-01-29T21:23:55Z" finished-at="2021-01-29T21:24:05Z">
          <exception class="java.lang.AssertionError">
            <message>
              <![CDATA[The following asserts failed:
	expected [FEATURED COURSES123] but found [FEATURED COURSES]]]>
            </message>
            <full-stacktrace>
              <![CDATA[java.lang.AssertionError: The following asserts failed:
	expected [FEATURED COURSES123] but found [FEATURED COURSES]
	at org.testng.asserts.SoftAssert.assertAll(SoftAssert.java:43)
	at ValidateTitle.validation(ValidateTitle.java:23)
	at sun.reflect.NativeMethodAccessorImpl.invoke0(Native Method)
	at sun.reflect.NativeMethodAccessorImpl.invoke(NativeMethodAccessorImpl.java:62)
	at sun.reflect.DelegatingMethodAccessorImpl.invoke(DelegatingMethodAccessorImpl.java:43)
	at java.lang.reflect.Method.invoke(Method.java:483)
	at org.testng.internal.MethodInvocationHelper.invokeMethod(MethodInvocationHelper.java:104)
	at org.testng.internal.Invoker.invokeMethod(Invoker.java:645)
	at org.testng.internal.Invoker.invokeTestMethod(Invoker.java:851)
	at org.testng.internal.Invoker.invokeTestMethods(Invoker.java:1177)
	at org.testng.internal.TestMethodWorker.invokeTestMethods(TestMethodWorker.java:129)
	at org.testng.internal.TestMethodWorker.run(TestMethodWorker.java:112)
	at java.util.concurrent.ThreadPoolExecutor.runWorker(ThreadPoolExecutor.java:1142)
	at java.util.concurrent.ThreadPoolExecutor$Worker.run(ThreadPoolExecutor.java:617)
	at java.lang.Thread.run(Thread.java:744)
]]>
            </full-stacktrace>
          </exception> <!-- java.lang.AssertionError -->
          <reporter-output>
          </reporter-output>
        </test-method> <!-- validation -->
        <test-method status="PASS" signature="teardown()[pri:0, instance:ValidateTitle@bc8ab5]" name="teardown" is-config="true" duration-ms="1237" started-at="2021-01-29T21:24:06Z" finished-at="2021-01-29T21:24:07Z">
          <reporter-output>
          </reporter-output>
        </test-method> <!-- teardown -->
      </class> <!-- ValidateTitle -->
    </test> <!-- E2E Project -->
  </suite> <!-- All Test Suite -->
</testng-results>
