<?xml version="1.0" encoding="UTF-8"?>
<!-- Generated by org.testng.reporters.JUnitXMLReporter -->
<testsuite hostname="DESKTOP-A0TKTFQ" ignored="0" tests="3" failures="1" timestamp="29 Jan 2021 15:54:16 GMT" time="21.636" errors="0">
  <testcase name="validation" time="10.496" classname="ValidateTitle">
    <failure type="java.lang.AssertionError" message="The following asserts failed:
	expected [FEATURED COURSES123] but found [FEATURED COURSES]">
      <![CDATA[java.lang.AssertionError: The following asserts failed:
	expected [FEATURED COURSES123] but found [FEATURED COURSES]
	at ValidateTitle.validation(ValidateTitle.java:23)
	at java.util.concurrent.ThreadPoolExecutor.runWorker(ThreadPoolExecutor.java:1142)
	at java.util.concurrent.ThreadPoolExecutor$Worker.run(ThreadPoolExecutor.java:617)
	at java.lang.Thread.run(Thread.java:744)
... Removed 11 stack frames]]>
    </failure>
  </testcase> <!-- validation -->
  <testcase name="basePageNavigation" time="12.652" classname="HomePage"/>
  <testcase name="basePageNavigation" time="7.357" classname="HomePage"/>
</testsuite>
